2014-05-05 13:19:02,017 [localhost-startStop-1] WARN  util.GrailsUtil  - [DEPRECATED] Method ConfigurationHolder.getConfig() is deprecated and will be removed in a future version of Grails.
2014-05-05 13:19:02,032 [localhost-startStop-1] WARN  util.GrailsUtil  - [DEPRECATED] Method ConfigurationHolder.getConfig() is deprecated and will be removed in a future version of Grails.
2014-05-05 13:19:05,339 [localhost-startStop-1] WARN  util.GrailsUtil  - [WARNING] Property [archive] of domain class application.pilotage.Pic has type [boolean] and doesn't support constraint [nullable]. This constraint will not be checked during validation.
2014-05-05 13:19:05,661 [localhost-startStop-1] WARN  config.ConfigurationFactory  - No configuration found. Configuring ehcache from ehcache-failsafe.xml  found in the classpath: jar:file:/C:/Users/Nabil/.m2/repository/net/sf/ehcache/ehcache-core/2.4.6/ehcache-core-2.4.6.jar!/ehcache-failsafe.xml
2014-05-05 13:19:12,734 [localhost-startStop-1] WARN  util.GrailsUtil  - [DEPRECATED] Method ApplicationHolder.getApplication() is deprecated and will be removed in a future version of Grails.
2014-05-05 13:19:12,735 [localhost-startStop-1] WARN  util.GrailsUtil  - [DEPRECATED] Method ApplicationHolder.getApplication() is deprecated and will be removed in a future version of Grails.
2014-05-05 13:19:12,735 [localhost-startStop-1] WARN  util.GrailsUtil  - [DEPRECATED] Method ApplicationHolder.getApplication() is deprecated and will be removed in a future version of Grails.
2014-05-05 13:19:12,983 [localhost-startStop-1] WARN  module.ModuleDeclarationsFactory  - 'grails.resources.modules' in config does not define any modules
2014-05-05 13:19:15,830 [localhost-startStop-1] WARN  util.GrailsUtil  - [DEPRECATED] Method ApplicationHolder.getApplication() is deprecated and will be removed in a future version of Grails.
2014-05-05 13:19:16,047 [localhost-startStop-1] WARN  util.GrailsUtil  - [WARNING] Property [archive] of domain class application.pilotage.Pic has type [boolean] and doesn't support constraint [nullable]. This constraint will not be checked during validation.
2014-05-05 13:19:26,144 [http-bio-8080-exec-6] ERROR resource.ResourceMeta  - While processing /css/TableTools.css, a resource was required but not found: /images/csv.png
2014-05-05 13:19:26,150 [http-bio-8080-exec-6] WARN  util.ResourceMetaStore  - Cannot locate resource [/images/csv.png]
2014-05-05 13:19:26,151 [http-bio-8080-exec-6] WARN  mapper.cssrewriter  - Cannot resolve CSS resource, leaving link as is: resource:/images/csv.png
2014-05-05 13:19:26,164 [http-bio-8080-exec-5] ERROR resource.ResourceMeta  - While processing /css/bootstrap.min.css, a resource was required but not found: /img/glyphicons-halflings.png
2014-05-05 13:19:26,165 [http-bio-8080-exec-5] WARN  util.ResourceMetaStore  - Cannot locate resource [/img/glyphicons-halflings.png]
2014-05-05 13:19:26,165 [http-bio-8080-exec-5] WARN  mapper.cssrewriter  - Cannot resolve CSS resource, leaving link as is: resource:/img/glyphicons-halflings.png
2014-05-05 13:19:26,210 [http-bio-8080-exec-6] ERROR resource.ResourceMeta  - While processing /css/TableTools.css, a resource was required but not found: /images/csv_hover.png
2014-05-05 13:19:26,210 [http-bio-8080-exec-6] WARN  util.ResourceMetaStore  - Cannot locate resource [/images/csv_hover.png]
2014-05-05 13:19:26,210 [http-bio-8080-exec-6] WARN  mapper.cssrewriter  - Cannot resolve CSS resource, leaving link as is: resource:/images/csv_hover.png
2014-05-05 13:19:26,228 [http-bio-8080-exec-5] ERROR resource.ResourceMeta  - While processing /css/bootstrap.min.css, a resource was required but not found: /img/glyphicons-halflings-white.png
2014-05-05 13:19:26,228 [http-bio-8080-exec-5] WARN  util.ResourceMetaStore  - Cannot locate resource [/img/glyphicons-halflings-white.png]
2014-05-05 13:19:26,228 [http-bio-8080-exec-5] WARN  mapper.cssrewriter  - Cannot resolve CSS resource, leaving link as is: resource:/img/glyphicons-halflings-white.png
2014-05-05 13:19:26,289 [http-bio-8080-exec-6] ERROR resource.ResourceMeta  - While processing /css/TableTools.css, a resource was required but not found: /images/xls.png
2014-05-05 13:19:26,296 [http-bio-8080-exec-6] WARN  util.ResourceMetaStore  - Cannot locate resource [/images/xls.png]
2014-05-05 13:19:26,296 [http-bio-8080-exec-6] WARN  mapper.cssrewriter  - Cannot resolve CSS resource, leaving link as is: resource:/images/xls.png
2014-05-05 13:19:26,408 [http-bio-8080-exec-6] ERROR resource.ResourceMeta  - While processing /css/TableTools.css, a resource was required but not found: /images/xls_hover.png
2014-05-05 13:19:26,408 [http-bio-8080-exec-6] WARN  util.ResourceMetaStore  - Cannot locate resource [/images/xls_hover.png]
2014-05-05 13:19:26,408 [http-bio-8080-exec-6] WARN  mapper.cssrewriter  - Cannot resolve CSS resource, leaving link as is: resource:/images/xls_hover.png
2014-05-05 13:19:26,463 [http-bio-8080-exec-6] ERROR resource.ResourceMeta  - While processing /css/TableTools.css, a resource was required but not found: /images/copy.png
2014-05-05 13:19:26,463 [http-bio-8080-exec-6] WARN  util.ResourceMetaStore  - Cannot locate resource [/images/copy.png]
2014-05-05 13:19:26,463 [http-bio-8080-exec-6] WARN  mapper.cssrewriter  - Cannot resolve CSS resource, leaving link as is: resource:/images/copy.png
2014-05-05 13:19:26,527 [http-bio-8080-exec-6] ERROR resource.ResourceMeta  - While processing /css/TableTools.css, a resource was required but not found: /images/copy_hover.png
2014-05-05 13:19:26,527 [http-bio-8080-exec-6] WARN  util.ResourceMetaStore  - Cannot locate resource [/images/copy_hover.png]
2014-05-05 13:19:26,527 [http-bio-8080-exec-6] WARN  mapper.cssrewriter  - Cannot resolve CSS resource, leaving link as is: resource:/images/copy_hover.png
2014-05-05 13:19:26,618 [http-bio-8080-exec-6] ERROR resource.ResourceMeta  - While processing /css/TableTools.css, a resource was required but not found: /images/pdf.png
2014-05-05 13:19:26,618 [http-bio-8080-exec-6] WARN  util.ResourceMetaStore  - Cannot locate resource [/images/pdf.png]
2014-05-05 13:19:26,618 [http-bio-8080-exec-6] WARN  mapper.cssrewriter  - Cannot resolve CSS resource, leaving link as is: resource:/images/pdf.png
2014-05-05 13:19:26,653 [http-bio-8080-exec-7] ERROR resource.ResourceMeta  - While processing /css/theme.css, a resource was required but not found: /img/pointer-menu.png
2014-05-05 13:19:26,653 [http-bio-8080-exec-7] WARN  util.ResourceMetaStore  - Cannot locate resource [/img/pointer-menu.png]
2014-05-05 13:19:26,653 [http-bio-8080-exec-7] WARN  mapper.cssrewriter  - Cannot resolve CSS resource, leaving link as is: resource:/img/pointer-menu.png
2014-05-05 13:19:26,725 [http-bio-8080-exec-6] ERROR resource.ResourceMeta  - While processing /css/TableTools.css, a resource was required but not found: /images/pdf_hover.png
2014-05-05 13:19:26,725 [http-bio-8080-exec-6] WARN  util.ResourceMetaStore  - Cannot locate resource [/images/pdf_hover.png]
2014-05-05 13:19:26,725 [http-bio-8080-exec-6] WARN  mapper.cssrewriter  - Cannot resolve CSS resource, leaving link as is: resource:/images/pdf_hover.png
2014-05-05 13:19:26,817 [http-bio-8080-exec-6] ERROR resource.ResourceMeta  - While processing /css/TableTools.css, a resource was required but not found: /images/print.png
2014-05-05 13:19:26,817 [http-bio-8080-exec-6] WARN  util.ResourceMetaStore  - Cannot locate resource [/images/print.png]
2014-05-05 13:19:26,817 [http-bio-8080-exec-6] WARN  mapper.cssrewriter  - Cannot resolve CSS resource, leaving link as is: resource:/images/print.png
2014-05-05 13:19:26,914 [http-bio-8080-exec-6] ERROR resource.ResourceMeta  - While processing /css/TableTools.css, a resource was required but not found: /images/print_hover.png
2014-05-05 13:19:26,914 [http-bio-8080-exec-6] WARN  util.ResourceMetaStore  - Cannot locate resource [/images/print_hover.png]
2014-05-05 13:19:26,914 [http-bio-8080-exec-6] WARN  mapper.cssrewriter  - Cannot resolve CSS resource, leaving link as is: resource:/images/print_hover.png
2014-05-05 13:19:26,964 [http-bio-8080-exec-6] ERROR resource.ResourceMeta  - While processing /css/TableTools.css, a resource was required but not found: /images/collection.png
2014-05-05 13:19:26,965 [http-bio-8080-exec-6] WARN  util.ResourceMetaStore  - Cannot locate resource [/images/collection.png]
2014-05-05 13:19:26,965 [http-bio-8080-exec-6] WARN  mapper.cssrewriter  - Cannot resolve CSS resource, leaving link as is: resource:/images/collection.png
2014-05-05 13:19:27,001 [http-bio-8080-exec-7] ERROR resource.ResourceMeta  - While processing /css/theme.css, a resource was required but not found: /img/footer_bg.jpg
2014-05-05 13:19:27,001 [http-bio-8080-exec-7] WARN  util.ResourceMetaStore  - Cannot locate resource [/img/footer_bg.jpg]
2014-05-05 13:19:27,001 [http-bio-8080-exec-7] WARN  mapper.cssrewriter  - Cannot resolve CSS resource, leaving link as is: resource:/img/footer_bg.jpg
2014-05-05 13:19:27,021 [http-bio-8080-exec-6] ERROR resource.ResourceMeta  - While processing /css/TableTools.css, a resource was required but not found: /images/collection_hover.png
2014-05-05 13:19:27,021 [http-bio-8080-exec-6] WARN  util.ResourceMetaStore  - Cannot locate resource [/images/collection_hover.png]
2014-05-05 13:19:27,022 [http-bio-8080-exec-6] WARN  mapper.cssrewriter  - Cannot resolve CSS resource, leaving link as is: resource:/images/collection_hover.png
2014-05-05 13:19:27,073 [http-bio-8080-exec-7] ERROR resource.ResourceMeta  - While processing /css/theme.css, a resource was required but not found: /img/back_icn.gif
2014-05-05 13:19:27,073 [http-bio-8080-exec-7] WARN  util.ResourceMetaStore  - Cannot locate resource [/img/back_icn.gif]
2014-05-05 13:19:27,073 [http-bio-8080-exec-7] WARN  mapper.cssrewriter  - Cannot resolve CSS resource, leaving link as is: resource:/img/back_icn.gif
2014-05-05 13:19:27,102 [http-bio-8080-exec-6] ERROR resource.ResourceMeta  - While processing /css/TableTools.css, a resource was required but not found: /images/background.png
2014-05-05 13:19:27,102 [http-bio-8080-exec-6] WARN  util.ResourceMetaStore  - Cannot locate resource [/images/background.png]
2014-05-05 13:19:27,102 [http-bio-8080-exec-6] WARN  mapper.cssrewriter  - Cannot resolve CSS resource, leaving link as is: resource:/images/background.png
2014-05-05 13:22:04,352 [http-bio-8080-exec-9] ERROR errors.GrailsExceptionResolver  - NullPointerException occurred when processing request: [GET] /application/pic/index
Cannot invoke method mod() on null object. Stacktrace follows:
org.codehaus.groovy.grails.web.pages.exceptions.GroovyPagesException: Error evaluating expression [(k % 2) == 0 ? 'even' : 'odd'] on line [52]: Cannot invoke method mod() on null object
	at C__Users_Nabil_Documents_GitHub_application_grails_app_views_pic_index_gsp.run(C__Users_Nabil_Documents_GitHub_application_grails_app_views_pic_index_gsp:34)
	at grails.plugin.cache.web.filter.PageFragmentCachingFilter.doFilter(PageFragmentCachingFilter.java:200)
	at grails.plugin.cache.web.filter.AbstractFilter.doFilter(AbstractFilter.java:63)
	at java.util.concurrent.ThreadPoolExecutor.runWorker(ThreadPoolExecutor.java:1145)
	at java.util.concurrent.ThreadPoolExecutor$Worker.run(ThreadPoolExecutor.java:615)
	at java.lang.Thread.run(Thread.java:724)
Caused by: java.lang.NullPointerException: Cannot invoke method mod() on null object
	at C__Users_Nabil_Documents_GitHub_application_grails_app_views_pic_index_gsp$_run_closure4.doCall(C__Users_Nabil_Documents_GitHub_application_grails_app_views_pic_index_gsp:34)
	... 6 more
2014-05-05 13:22:10,499 [http-bio-8080-exec-9] ERROR errors.GrailsExceptionResolver  - NullPointerException occurred when processing request: [GET] /application/pic/index
Cannot invoke method mod() on null object. Stacktrace follows:
org.codehaus.groovy.grails.web.pages.exceptions.GroovyPagesException: Error evaluating expression [(k % 2) == 0 ? 'even' : 'odd'] on line [52]: Cannot invoke method mod() on null object
	at C__Users_Nabil_Documents_GitHub_application_grails_app_views_pic_index_gsp.run(C__Users_Nabil_Documents_GitHub_application_grails_app_views_pic_index_gsp:34)
	at grails.plugin.cache.web.filter.PageFragmentCachingFilter.doFilter(PageFragmentCachingFilter.java:200)
	at grails.plugin.cache.web.filter.AbstractFilter.doFilter(AbstractFilter.java:63)
	at java.util.concurrent.ThreadPoolExecutor.runWorker(ThreadPoolExecutor.java:1145)
	at java.util.concurrent.ThreadPoolExecutor$Worker.run(ThreadPoolExecutor.java:615)
	at java.lang.Thread.run(Thread.java:724)
Caused by: java.lang.NullPointerException: Cannot invoke method mod() on null object
	at C__Users_Nabil_Documents_GitHub_application_grails_app_views_pic_index_gsp$_run_closure4.doCall(C__Users_Nabil_Documents_GitHub_application_grails_app_views_pic_index_gsp:34)
	... 6 more
2014-05-05 13:22:15,299 [http-bio-8080-exec-6] ERROR errors.GrailsExceptionResolver  - NullPointerException occurred when processing request: [GET] /application/pic/index
Cannot invoke method mod() on null object. Stacktrace follows:
org.codehaus.groovy.grails.web.pages.exceptions.GroovyPagesException: Error evaluating expression [(k % 2) == 0 ? 'even' : 'odd'] on line [52]: Cannot invoke method mod() on null object
	at C__Users_Nabil_Documents_GitHub_application_grails_app_views_pic_index_gsp.run(C__Users_Nabil_Documents_GitHub_application_grails_app_views_pic_index_gsp:34)
	at grails.plugin.cache.web.filter.PageFragmentCachingFilter.doFilter(PageFragmentCachingFilter.java:200)
	at grails.plugin.cache.web.filter.AbstractFilter.doFilter(AbstractFilter.java:63)
	at java.util.concurrent.ThreadPoolExecutor.runWorker(ThreadPoolExecutor.java:1145)
	at java.util.concurrent.ThreadPoolExecutor$Worker.run(ThreadPoolExecutor.java:615)
	at java.lang.Thread.run(Thread.java:724)
Caused by: java.lang.NullPointerException: Cannot invoke method mod() on null object
	at C__Users_Nabil_Documents_GitHub_application_grails_app_views_pic_index_gsp$_run_closure4.doCall(C__Users_Nabil_Documents_GitHub_application_grails_app_views_pic_index_gsp:34)
	... 6 more
2014-05-05 13:29:50,525 [Thread-10] ERROR compiler.GrailsProjectWatcher  - Compilation Error: startup failed:
C:\Users\Nabil\Documents\GitHub\application\grails-app\controllers\application\pilotage\PicController.groovy: 19: unable to resolve class DateTime 
 @ line 19, column 22.
           def maDate = new DateTime()
                        ^

1 error

2014-05-05 13:29:55,142 [http-bio-8080-exec-6] ERROR [/application].[default]  - Servlet.service() for servlet [default] in context with path [/application] threw exception
org.codehaus.groovy.control.MultipleCompilationErrorsException: startup failed:
C:\Users\Nabil\Documents\GitHub\application\grails-app\controllers\application\pilotage\PicController.groovy: 19: unable to resolve class DateTime 
 @ line 19, column 22.
           def maDate = new DateTime()
                        ^

1 error

	at org.codehaus.groovy.control.ErrorCollector.failIfErrors(ErrorCollector.java:309)
	at org.codehaus.groovy.control.CompilationUnit.applyToSourceUnits(CompilationUnit.java:927)
	at org.codehaus.groovy.control.CompilationUnit.doPhaseOperation(CompilationUnit.java:574)
	at org.codehaus.groovy.control.CompilationUnit.compile(CompilationUnit.java:523)
	at org.codehaus.groovy.control.CompilationUnit.compile(CompilationUnit.java:506)
	at org.codehaus.groovy.tools.FileSystemCompiler.compile(FileSystemCompiler.java:59)
	at org.codehaus.groovy.tools.FileSystemCompiler.doCompilation(FileSystemCompiler.java:215)
	at org.codehaus.groovy.ant.Groovyc.runCompiler(Groovyc.java:1104)
	at org.codehaus.groovy.ant.Groovyc.compile(Groovyc.java:1155)
	at org.codehaus.groovy.grails.compiler.Grailsc.compile(Grailsc.java:78)
	at org.codehaus.groovy.ant.Groovyc.execute(Groovyc.java:770)
	at org.apache.tools.ant.UnknownElement.execute(UnknownElement.java:291)
	at sun.reflect.GeneratedMethodAccessor604.invoke(Unknown Source)
	at sun.reflect.DelegatingMethodAccessorImpl.invoke(DelegatingMethodAccessorImpl.java:43)
	at java.lang.reflect.Method.invoke(Method.java:606)
	at org.springsource.loaded.ri.ReflectiveInterceptor.jlrMethodInvoke(ReflectiveInterceptor.java:1260)
	at org.apache.tools.ant.dispatch.DispatchUtils.execute(DispatchUtils.java:106)
	at groovy.util.AntBuilder.performTask(AntBuilder.java:319)
	at groovy.util.AntBuilder.nodeCompleted(AntBuilder.java:264)
	at groovy.util.BuilderSupport.doInvokeMethod(BuilderSupport.java:147)
	at groovy.util.AntBuilder.doInvokeMethod(AntBuilder.java:203)
	at groovy.util.BuilderSupport.invokeMethod(BuilderSupport.java:64)
	at org.codehaus.groovy.runtime.callsite.PogoMetaClassSite.call(PogoMetaClassSite.java:45)
	at org.codehaus.groovy.runtime.callsite.AbstractCallSite.call(AbstractCallSite.java:120)
	at org.codehaus.groovy.grails.compiler.GrailsProjectCompiler.compile(GrailsProjectCompiler.groovy:296)
	at org.codehaus.groovy.grails.compiler.GrailsProjectCompiler$compile$3.callCurrent(Unknown Source)
	at org.codehaus.groovy.grails.compiler.GrailsProjectCompiler.compile(GrailsProjectCompiler.groovy:263)
	at org.codehaus.groovy.grails.compiler.GrailsProjectCompiler.compileAll(GrailsProjectCompiler.groovy:254)
	at org.codehaus.groovy.grails.compiler.GrailsProjectWatcher.compileIfSource(GrailsProjectWatcher.java:279)
	at org.codehaus.groovy.grails.compiler.GrailsProjectWatcher.access$300(GrailsProjectWatcher.java:46)
	at org.codehaus.groovy.grails.compiler.GrailsProjectWatcher$1.onChange(GrailsProjectWatcher.java:153)
	at org.codehaus.groovy.grails.compiler.DirectoryWatcher.fireOnChange(DirectoryWatcher.java:174)
	at org.codehaus.groovy.grails.compiler.DirectoryWatcher.run(DirectoryWatcher.java:156)
	at org.codehaus.groovy.grails.compiler.GrailsProjectWatcher.run(GrailsProjectWatcher.java:178)
	at java_lang_Runnable$run.call(Unknown Source)
	at org.codehaus.groovy.runtime.callsite.CallSiteArray.defaultCall(CallSiteArray.java:45)
	at org.codehaus.groovy.runtime.callsite.AbstractCallSite.call(AbstractCallSite.java:108)
	at org.codehaus.groovy.runtime.callsite.AbstractCallSite.call(AbstractCallSite.java:112)
	at org.codehaus.groovy.grails.cli.fork.ForkedGrailsProcess.startProjectWatcher(ForkedGrailsProcess.groovy:707)
	at sun.reflect.NativeMethodAccessorImpl.invoke0(Native Method)
	at sun.reflect.NativeMethodAccessorImpl.invoke(NativeMethodAccessorImpl.java:57)
	at sun.reflect.DelegatingMethodAccessorImpl.invoke(DelegatingMethodAccessorImpl.java:43)
	at java.lang.reflect.Method.invoke(Method.java:606)
	at org.springsource.loaded.ri.ReflectiveInterceptor.jlrMethodInvoke(ReflectiveInterceptor.java:1254)
	at org.codehaus.groovy.reflection.CachedMethod.invoke(CachedMethod.java:90)
	at groovy.lang.MetaMethod.doMethodInvoke(MetaMethod.java:233)
	at groovy.lang.MetaClassImpl.invokeMethod(MetaClassImpl.java:1086)
	at groovy.lang.MetaClassImpl.invokeMethod(MetaClassImpl.java:910)
	at groovy.lang.MetaClassImpl.invokeMethod(MetaClassImpl.java:1031)
	at groovy.lang.ExpandoMetaClass.invokeMethod(ExpandoMetaClass.java:1110)
	at groovy.lang.MetaClassImpl.invokeMethod(MetaClassImpl.java:910)
	at org.codehaus.groovy.runtime.callsite.PogoMetaClassSite.callCurrent(PogoMetaClassSite.java:66)
	at org.codehaus.groovy.runtime.callsite.CallSiteArray.defaultCallCurrent(CallSiteArray.java:49)
	at org.codehaus.groovy.runtime.callsite.AbstractCallSite.callCurrent(AbstractCallSite.java:133)
	at org.codehaus.groovy.runtime.callsite.AbstractCallSite.callCurrent(AbstractCallSite.java:145)
	at org.codehaus.groovy.grails.cli.fork.ForkedGrailsProcess$_setupReloading_closure16.doCall(ForkedGrailsProcess.groovy:696)
	at org.codehaus.groovy.grails.cli.fork.ForkedGrailsProcess$_setupReloading_closure16.doCall(ForkedGrailsProcess.groovy)
	at sun.reflect.NativeMethodAccessorImpl.invoke0(Native Method)
	at sun.reflect.NativeMethodAccessorImpl.invoke(NativeMethodAccessorImpl.java:57)
	at sun.reflect.DelegatingMethodAccessorImpl.invoke(DelegatingMethodAccessorImpl.java:43)
	at java.lang.reflect.Method.invoke(Method.java:606)
	at org.springsource.loaded.ri.ReflectiveInterceptor.jlrMethodInvoke(ReflectiveInterceptor.java:1254)
	at org.codehaus.groovy.reflection.CachedMethod.invoke(CachedMethod.java:90)
	at groovy.lang.MetaMethod.doMethodInvoke(MetaMethod.java:233)
	at groovy.lang.MetaClassImpl.invokeMethod(MetaClassImpl.java:1086)
	at groovy.lang.ExpandoMetaClass.invokeMethod(ExpandoMetaClass.java:1110)
	at groovy.lang.MetaClassImpl.invokeMethod(MetaClassImpl.java:910)
	at groovy.lang.Closure.call(Closure.java:411)
	at groovy.lang.Closure.call(Closure.java:405)
	at groovy.lang.Closure.run(Closure.java:492)
	at java.lang.Thread.run(Thread.java:724)
2014-05-05 13:30:14,038 [http-bio-8080-exec-10] ERROR errors.GrailsExceptionResolver  - MissingPropertyException occurred when processing request: [GET] /application/pic/index
No such property: Year for class: org.joda.time.DateTime
Possible solutions: year, era. Stacktrace follows:
groovy.lang.MissingPropertyException: No such property: Year for class: org.joda.time.DateTime
Possible solutions: year, era
	at application.pilotage.PicController$$EOdNzlxF.$tt__index(PicController.groovy:21)
	at grails.plugin.cache.web.filter.PageFragmentCachingFilter.doFilter(PageFragmentCachingFilter.java:200)
	at grails.plugin.cache.web.filter.AbstractFilter.doFilter(AbstractFilter.java:63)
	at java.util.concurrent.ThreadPoolExecutor.runWorker(ThreadPoolExecutor.java:1145)
	at java.util.concurrent.ThreadPoolExecutor$Worker.run(ThreadPoolExecutor.java:615)
	at java.lang.Thread.run(Thread.java:724)
2014-05-05 13:30:16,724 [http-bio-8080-exec-11] ERROR errors.GrailsExceptionResolver  - MissingPropertyException occurred when processing request: [GET] /application/pic/index
No such property: Year for class: org.joda.time.DateTime
Possible solutions: year, era. Stacktrace follows:
groovy.lang.MissingPropertyException: No such property: Year for class: org.joda.time.DateTime
Possible solutions: year, era
	at application.pilotage.PicController$$EOdNzlxF.$tt__index(PicController.groovy:21)
	at grails.plugin.cache.web.filter.PageFragmentCachingFilter.doFilter(PageFragmentCachingFilter.java:200)
	at grails.plugin.cache.web.filter.AbstractFilter.doFilter(AbstractFilter.java:63)
	at java.util.concurrent.ThreadPoolExecutor.runWorker(ThreadPoolExecutor.java:1145)
	at java.util.concurrent.ThreadPoolExecutor$Worker.run(ThreadPoolExecutor.java:615)
	at java.lang.Thread.run(Thread.java:724)
2014-05-05 13:30:23,571 [http-bio-8080-exec-16] ERROR errors.GrailsExceptionResolver  - MissingPropertyException occurred when processing request: [GET] /application/pic/index
No such property: Year for class: org.joda.time.DateTime
Possible solutions: year, era. Stacktrace follows:
groovy.lang.MissingPropertyException: No such property: Year for class: org.joda.time.DateTime
Possible solutions: year, era
	at application.pilotage.PicController$$EOdNzlxF.$tt__index(PicController.groovy:21)
	at grails.plugin.cache.web.filter.PageFragmentCachingFilter.doFilter(PageFragmentCachingFilter.java:200)
	at grails.plugin.cache.web.filter.AbstractFilter.doFilter(AbstractFilter.java:63)
	at java.util.concurrent.ThreadPoolExecutor.runWorker(ThreadPoolExecutor.java:1145)
	at java.util.concurrent.ThreadPoolExecutor$Worker.run(ThreadPoolExecutor.java:615)
	at java.lang.Thread.run(Thread.java:724)
2014-05-05 14:47:11,410 [http-bio-8080-exec-10] ERROR errors.GrailsExceptionResolver  - MissingMethodException occurred when processing request: [GET] /application/pic/index
No signature of method: org.hibernate.collection.PersistentSet.get() is applicable for argument types: (java.lang.Long) values: [1]
Possible solutions: grep(), grep(), wait(long), getAt(java.lang.String), getAt(java.lang.String), getAt(int). Stacktrace follows:
org.codehaus.groovy.grails.web.pages.exceptions.GroovyPagesException: Error evaluating expression [pic1.picFamille.get(ordo.id).nom] on line [62]: No signature of method: org.hibernate.collection.PersistentSet.get() is applicable for argument types: (java.lang.Long) values: [1]
Possible solutions: grep(), grep(), wait(long), getAt(java.lang.String), getAt(java.lang.String), getAt(int)
	at C__Users_Nabil_Documents_GitHub_application_grails_app_views_pic_index_gsp.run(C__Users_Nabil_Documents_GitHub_application_grails_app_views_pic_index_gsp:57)
	at grails.plugin.cache.web.filter.PageFragmentCachingFilter.doFilter(PageFragmentCachingFilter.java:200)
	at grails.plugin.cache.web.filter.AbstractFilter.doFilter(AbstractFilter.java:63)
	at java.util.concurrent.ThreadPoolExecutor.runWorker(ThreadPoolExecutor.java:1145)
	at java.util.concurrent.ThreadPoolExecutor$Worker.run(ThreadPoolExecutor.java:615)
	at java.lang.Thread.run(Thread.java:724)
Caused by: groovy.lang.MissingMethodException: No signature of method: org.hibernate.collection.PersistentSet.get() is applicable for argument types: (java.lang.Long) values: [1]
Possible solutions: grep(), grep(), wait(long), getAt(java.lang.String), getAt(java.lang.String), getAt(int)
	at C__Users_Nabil_Documents_GitHub_application_grails_app_views_pic_index_gsp$_run_closure17.doCall(C__Users_Nabil_Documents_GitHub_application_grails_app_views_pic_index_gsp:57)
	... 6 more
2014-05-05 14:47:25,320 [http-bio-8080-exec-12] ERROR errors.GrailsExceptionResolver  - MissingMethodException occurred when processing request: [GET] /application/pic/index
No signature of method: org.hibernate.collection.PersistentSet.getAt() is applicable for argument types: (java.lang.Long) values: [1]
Possible solutions: getAt(java.lang.String), getAt(java.lang.String), getAt(int), getKey(), wait(long), putAt(java.lang.String, java.lang.Object). Stacktrace follows:
org.codehaus.groovy.grails.web.pages.exceptions.GroovyPagesException: Error evaluating expression [pic1.picFamille.getAt(ordo.id).nom] on line [62]: No signature of method: org.hibernate.collection.PersistentSet.getAt() is applicable for argument types: (java.lang.Long) values: [1]
Possible solutions: getAt(java.lang.String), getAt(java.lang.String), getAt(int), getKey(), wait(long), putAt(java.lang.String, java.lang.Object)
	at C__Users_Nabil_Documents_GitHub_application_grails_app_views_pic_index_gsp.run(C__Users_Nabil_Documents_GitHub_application_grails_app_views_pic_index_gsp:57)
	at grails.plugin.cache.web.filter.PageFragmentCachingFilter.doFilter(PageFragmentCachingFilter.java:200)
	at grails.plugin.cache.web.filter.AbstractFilter.doFilter(AbstractFilter.java:63)
	at java.util.concurrent.ThreadPoolExecutor.runWorker(ThreadPoolExecutor.java:1145)
	at java.util.concurrent.ThreadPoolExecutor$Worker.run(ThreadPoolExecutor.java:615)
	at java.lang.Thread.run(Thread.java:724)
Caused by: groovy.lang.MissingMethodException: No signature of method: org.hibernate.collection.PersistentSet.getAt() is applicable for argument types: (java.lang.Long) values: [1]
Possible solutions: getAt(java.lang.String), getAt(java.lang.String), getAt(int), getKey(), wait(long), putAt(java.lang.String, java.lang.Object)
	at C__Users_Nabil_Documents_GitHub_application_grails_app_views_pic_index_gsp$_run_closure17.doCall(C__Users_Nabil_Documents_GitHub_application_grails_app_views_pic_index_gsp:57)
	... 6 more
2014-05-05 14:47:57,404 [http-bio-8080-exec-9] ERROR errors.GrailsExceptionResolver  - MissingMethodException occurred when processing request: [GET] /application/pic/index
No signature of method: org.hibernate.collection.PersistentSet.getAt() is applicable for argument types: (application.PP.Ordonnancement) values: [application.PP.Ordonnancement : 1]
Possible solutions: getAt(java.lang.String), getAt(java.lang.String), getAt(int), getKey(), putAt(java.lang.String, java.lang.Object), wait(). Stacktrace follows:
org.codehaus.groovy.grails.web.pages.exceptions.GroovyPagesException: Error evaluating expression [pic1.picFamille.getAt(ordo).nom] on line [62]: No signature of method: org.hibernate.collection.PersistentSet.getAt() is applicable for argument types: (application.PP.Ordonnancement) values: [application.PP.Ordonnancement : 1]
Possible solutions: getAt(java.lang.String), getAt(java.lang.String), getAt(int), getKey(), putAt(java.lang.String, java.lang.Object), wait()
	at C__Users_Nabil_Documents_GitHub_application_grails_app_views_pic_index_gsp.run(C__Users_Nabil_Documents_GitHub_application_grails_app_views_pic_index_gsp:57)
	at grails.plugin.cache.web.filter.PageFragmentCachingFilter.doFilter(PageFragmentCachingFilter.java:200)
	at grails.plugin.cache.web.filter.AbstractFilter.doFilter(AbstractFilter.java:63)
	at java.util.concurrent.ThreadPoolExecutor.runWorker(ThreadPoolExecutor.java:1145)
	at java.util.concurrent.ThreadPoolExecutor$Worker.run(ThreadPoolExecutor.java:615)
	at java.lang.Thread.run(Thread.java:724)
Caused by: groovy.lang.MissingMethodException: No signature of method: org.hibernate.collection.PersistentSet.getAt() is applicable for argument types: (application.PP.Ordonnancement) values: [application.PP.Ordonnancement : 1]
Possible solutions: getAt(java.lang.String), getAt(java.lang.String), getAt(int), getKey(), putAt(java.lang.String, java.lang.Object), wait()
	at C__Users_Nabil_Documents_GitHub_application_grails_app_views_pic_index_gsp$_run_closure17.doCall(C__Users_Nabil_Documents_GitHub_application_grails_app_views_pic_index_gsp:57)
	... 6 more
2014-05-05 14:48:39,057 [http-bio-8080-exec-8] ERROR errors.GrailsExceptionResolver  - MissingMethodException occurred when processing request: [GET] /application/pic/index
No signature of method: org.hibernate.collection.PersistentSet.getAt() is applicable for argument types: (java.lang.Long) values: [1]
Possible solutions: getAt(java.lang.String), getAt(java.lang.String), getAt(int), getKey(), wait(long), putAt(java.lang.String, java.lang.Object). Stacktrace follows:
org.codehaus.groovy.grails.web.pages.exceptions.GroovyPagesException: Error evaluating expression [pic1.picFamille.getAt(ordo.id)] on line [62]: No signature of method: org.hibernate.collection.PersistentSet.getAt() is applicable for argument types: (java.lang.Long) values: [1]
Possible solutions: getAt(java.lang.String), getAt(java.lang.String), getAt(int), getKey(), wait(long), putAt(java.lang.String, java.lang.Object)
	at C__Users_Nabil_Documents_GitHub_application_grails_app_views_pic_index_gsp.run(C__Users_Nabil_Documents_GitHub_application_grails_app_views_pic_index_gsp:57)
	at grails.plugin.cache.web.filter.PageFragmentCachingFilter.doFilter(PageFragmentCachingFilter.java:200)
	at grails.plugin.cache.web.filter.AbstractFilter.doFilter(AbstractFilter.java:63)
	at java.util.concurrent.ThreadPoolExecutor.runWorker(ThreadPoolExecutor.java:1145)
	at java.util.concurrent.ThreadPoolExecutor$Worker.run(ThreadPoolExecutor.java:615)
	at java.lang.Thread.run(Thread.java:724)
Caused by: groovy.lang.MissingMethodException: No signature of method: org.hibernate.collection.PersistentSet.getAt() is applicable for argument types: (java.lang.Long) values: [1]
Possible solutions: getAt(java.lang.String), getAt(java.lang.String), getAt(int), getKey(), wait(long), putAt(java.lang.String, java.lang.Object)
	at C__Users_Nabil_Documents_GitHub_application_grails_app_views_pic_index_gsp$_run_closure17.doCall(C__Users_Nabil_Documents_GitHub_application_grails_app_views_pic_index_gsp:57)
	... 6 more
2014-05-05 14:49:45,820 [http-bio-8080-exec-19] ERROR errors.GrailsExceptionResolver  - MissingMethodException occurred when processing request: [GET] /application/pic/index
No signature of method: org.hibernate.collection.PersistentSet.getAt() is applicable for argument types: (java.lang.Long) values: [1]
Possible solutions: getAt(java.lang.String), getAt(java.lang.String), getAt(int), getKey(), wait(long), putAt(java.lang.String, java.lang.Object). Stacktrace follows:
org.codehaus.groovy.grails.web.pages.exceptions.GroovyPagesException: Error evaluating expression [(pic1.picFamille).getAt(ordo.id)] on line [62]: No signature of method: org.hibernate.collection.PersistentSet.getAt() is applicable for argument types: (java.lang.Long) values: [1]
Possible solutions: getAt(java.lang.String), getAt(java.lang.String), getAt(int), getKey(), wait(long), putAt(java.lang.String, java.lang.Object)
	at C__Users_Nabil_Documents_GitHub_application_grails_app_views_pic_index_gsp.run(C__Users_Nabil_Documents_GitHub_application_grails_app_views_pic_index_gsp:57)
	at grails.plugin.cache.web.filter.PageFragmentCachingFilter.doFilter(PageFragmentCachingFilter.java:200)
	at grails.plugin.cache.web.filter.AbstractFilter.doFilter(AbstractFilter.java:63)
	at java.util.concurrent.ThreadPoolExecutor.runWorker(ThreadPoolExecutor.java:1145)
	at java.util.concurrent.ThreadPoolExecutor$Worker.run(ThreadPoolExecutor.java:615)
	at java.lang.Thread.run(Thread.java:724)
Caused by: groovy.lang.MissingMethodException: No signature of method: org.hibernate.collection.PersistentSet.getAt() is applicable for argument types: (java.lang.Long) values: [1]
Possible solutions: getAt(java.lang.String), getAt(java.lang.String), getAt(int), getKey(), wait(long), putAt(java.lang.String, java.lang.Object)
	at C__Users_Nabil_Documents_GitHub_application_grails_app_views_pic_index_gsp$_run_closure17.doCall(C__Users_Nabil_Documents_GitHub_application_grails_app_views_pic_index_gsp:57)
	... 6 more
2014-05-05 14:49:56,727 [http-bio-8080-exec-20] ERROR errors.GrailsExceptionResolver  - MissingMethodException occurred when processing request: [GET] /application/pic/index
No signature of method: org.hibernate.collection.PersistentSet.find() is applicable for argument types: (java.lang.Long) values: [1]
Possible solutions: find(), find(), find(groovy.lang.Closure), find(groovy.lang.Closure), min(), min(groovy.lang.Closure). Stacktrace follows:
org.codehaus.groovy.grails.web.pages.exceptions.GroovyPagesException: Error evaluating expression [(pic1.picFamille).find(ordo.id)] on line [62]: No signature of method: org.hibernate.collection.PersistentSet.find() is applicable for argument types: (java.lang.Long) values: [1]
Possible solutions: find(), find(), find(groovy.lang.Closure), find(groovy.lang.Closure), min(), min(groovy.lang.Closure)
	at C__Users_Nabil_Documents_GitHub_application_grails_app_views_pic_index_gsp.run(C__Users_Nabil_Documents_GitHub_application_grails_app_views_pic_index_gsp:57)
	at grails.plugin.cache.web.filter.PageFragmentCachingFilter.doFilter(PageFragmentCachingFilter.java:200)
	at grails.plugin.cache.web.filter.AbstractFilter.doFilter(AbstractFilter.java:63)
	at java.util.concurrent.ThreadPoolExecutor.runWorker(ThreadPoolExecutor.java:1145)
	at java.util.concurrent.ThreadPoolExecutor$Worker.run(ThreadPoolExecutor.java:615)
	at java.lang.Thread.run(Thread.java:724)
Caused by: groovy.lang.MissingMethodException: No signature of method: org.hibernate.collection.PersistentSet.find() is applicable for argument types: (java.lang.Long) values: [1]
Possible solutions: find(), find(), find(groovy.lang.Closure), find(groovy.lang.Closure), min(), min(groovy.lang.Closure)
	at C__Users_Nabil_Documents_GitHub_application_grails_app_views_pic_index_gsp$_run_closure17.doCall(C__Users_Nabil_Documents_GitHub_application_grails_app_views_pic_index_gsp:57)
	... 6 more
2014-05-05 14:50:08,151 [http-bio-8080-exec-1] ERROR errors.GrailsExceptionResolver  - MissingMethodException occurred when processing request: [GET] /application/pic/index
No signature of method: org.hibernate.collection.PersistentSet.find() is applicable for argument types: (application.PP.Ordonnancement) values: [application.PP.Ordonnancement : 1]
Possible solutions: find(), find(), find(groovy.lang.Closure), find(groovy.lang.Closure), min(), min(groovy.lang.Closure). Stacktrace follows:
org.codehaus.groovy.grails.web.pages.exceptions.GroovyPagesException: Error evaluating expression [(pic1.picFamille).find(ordo)] on line [62]: No signature of method: org.hibernate.collection.PersistentSet.find() is applicable for argument types: (application.PP.Ordonnancement) values: [application.PP.Ordonnancement : 1]
Possible solutions: find(), find(), find(groovy.lang.Closure), find(groovy.lang.Closure), min(), min(groovy.lang.Closure)
	at C__Users_Nabil_Documents_GitHub_application_grails_app_views_pic_index_gsp.run(C__Users_Nabil_Documents_GitHub_application_grails_app_views_pic_index_gsp:57)
	at grails.plugin.cache.web.filter.PageFragmentCachingFilter.doFilter(PageFragmentCachingFilter.java:200)
	at grails.plugin.cache.web.filter.AbstractFilter.doFilter(AbstractFilter.java:63)
	at java.util.concurrent.ThreadPoolExecutor.runWorker(ThreadPoolExecutor.java:1145)
	at java.util.concurrent.ThreadPoolExecutor$Worker.run(ThreadPoolExecutor.java:615)
	at java.lang.Thread.run(Thread.java:724)
Caused by: groovy.lang.MissingMethodException: No signature of method: org.hibernate.collection.PersistentSet.find() is applicable for argument types: (application.PP.Ordonnancement) values: [application.PP.Ordonnancement : 1]
Possible solutions: find(), find(), find(groovy.lang.Closure), find(groovy.lang.Closure), min(), min(groovy.lang.Closure)
	at C__Users_Nabil_Documents_GitHub_application_grails_app_views_pic_index_gsp$_run_closure17.doCall(C__Users_Nabil_Documents_GitHub_application_grails_app_views_pic_index_gsp:57)
	... 6 more
2014-05-05 14:50:28,299 [http-bio-8080-exec-20] ERROR errors.GrailsExceptionResolver  - MissingMethodException occurred when processing request: [GET] /application/pic/index
No signature of method: org.hibernate.collection.PersistentSet.get() is applicable for argument types: (application.PP.Ordonnancement) values: [application.PP.Ordonnancement : 1]
Possible solutions: grep(), grep(), getAt(java.lang.String), getAt(java.lang.String), getAt(int), grep(java.lang.Object). Stacktrace follows:
org.codehaus.groovy.grails.web.pages.exceptions.GroovyPagesException: Error evaluating expression [(pic1.picFamille).get(ordo)] on line [62]: No signature of method: org.hibernate.collection.PersistentSet.get() is applicable for argument types: (application.PP.Ordonnancement) values: [application.PP.Ordonnancement : 1]
Possible solutions: grep(), grep(), getAt(java.lang.String), getAt(java.lang.String), getAt(int), grep(java.lang.Object)
	at C__Users_Nabil_Documents_GitHub_application_grails_app_views_pic_index_gsp.run(C__Users_Nabil_Documents_GitHub_application_grails_app_views_pic_index_gsp:57)
	at grails.plugin.cache.web.filter.PageFragmentCachingFilter.doFilter(PageFragmentCachingFilter.java:200)
	at grails.plugin.cache.web.filter.AbstractFilter.doFilter(AbstractFilter.java:63)
	at java.util.concurrent.ThreadPoolExecutor.runWorker(ThreadPoolExecutor.java:1145)
	at java.util.concurrent.ThreadPoolExecutor$Worker.run(ThreadPoolExecutor.java:615)
	at java.lang.Thread.run(Thread.java:724)
Caused by: groovy.lang.MissingMethodException: No signature of method: org.hibernate.collection.PersistentSet.get() is applicable for argument types: (application.PP.Ordonnancement) values: [application.PP.Ordonnancement : 1]
Possible solutions: grep(), grep(), getAt(java.lang.String), getAt(java.lang.String), getAt(int), grep(java.lang.Object)
	at C__Users_Nabil_Documents_GitHub_application_grails_app_views_pic_index_gsp$_run_closure17.doCall(C__Users_Nabil_Documents_GitHub_application_grails_app_views_pic_index_gsp:57)
	... 6 more
2014-05-05 14:50:39,444 [http-bio-8080-exec-17] ERROR errors.GrailsExceptionResolver  - MissingMethodException occurred when processing request: [GET] /application/pic/index
No signature of method: org.hibernate.collection.PersistentSet.get() is applicable for argument types: (java.util.LinkedHashMap) values: [[ordo:application.PP.Ordonnancement : 1]]
Possible solutions: grep(), grep(), getAt(java.lang.String), getAt(java.lang.String), getAt(int), grep(java.lang.Object). Stacktrace follows:
org.codehaus.groovy.grails.web.pages.exceptions.GroovyPagesException: Error evaluating expression [(pic1.picFamille).get(ordo : ordo)] on line [62]: No signature of method: org.hibernate.collection.PersistentSet.get() is applicable for argument types: (java.util.LinkedHashMap) values: [[ordo:application.PP.Ordonnancement : 1]]
Possible solutions: grep(), grep(), getAt(java.lang.String), getAt(java.lang.String), getAt(int), grep(java.lang.Object)
	at C__Users_Nabil_Documents_GitHub_application_grails_app_views_pic_index_gsp.run(C__Users_Nabil_Documents_GitHub_application_grails_app_views_pic_index_gsp:57)
	at grails.plugin.cache.web.filter.PageFragmentCachingFilter.doFilter(PageFragmentCachingFilter.java:200)
	at grails.plugin.cache.web.filter.AbstractFilter.doFilter(AbstractFilter.java:63)
	at java.util.concurrent.ThreadPoolExecutor.runWorker(ThreadPoolExecutor.java:1145)
	at java.util.concurrent.ThreadPoolExecutor$Worker.run(ThreadPoolExecutor.java:615)
	at java.lang.Thread.run(Thread.java:724)
Caused by: groovy.lang.MissingMethodException: No signature of method: org.hibernate.collection.PersistentSet.get() is applicable for argument types: (java.util.LinkedHashMap) values: [[ordo:application.PP.Ordonnancement : 1]]
Possible solutions: grep(), grep(), getAt(java.lang.String), getAt(java.lang.String), getAt(int), grep(java.lang.Object)
	at C__Users_Nabil_Documents_GitHub_application_grails_app_views_pic_index_gsp$_run_closure17.doCall(C__Users_Nabil_Documents_GitHub_application_grails_app_views_pic_index_gsp:57)
	... 6 more
2014-05-05 14:53:28,000 [http-bio-8080-exec-19] ERROR pages.GroovyPagesTemplateEngine  - Compilation error compiling GSP [C__Users_Nabil_Documents_GitHub_application_grails_app_views_pic_index_gsp]:startup failed:
C__Users_Nabil_Documents_GitHub_application_grails_app_views_pic_index_gsp: 57: unexpected token: if @ line 57, column 87.
   rdo)("ok")', 62, it) { return if(pic1.pi
                                 ^

1 error

org.codehaus.groovy.control.MultipleCompilationErrorsException: startup failed:
C__Users_Nabil_Documents_GitHub_application_grails_app_views_pic_index_gsp: 57: unexpected token: if @ line 57, column 87.
   rdo)("ok")', 62, it) { return if(pic1.pi
                                 ^

1 error

	at org.codehaus.groovy.control.ErrorCollector.failIfErrors(ErrorCollector.java:309)
	at org.codehaus.groovy.control.ErrorCollector.addFatalError(ErrorCollector.java:149)
	at org.codehaus.groovy.control.ErrorCollector.addError(ErrorCollector.java:119)
	at org.codehaus.groovy.control.ErrorCollector.addError(ErrorCollector.java:131)
	at org.codehaus.groovy.control.SourceUnit.addError(SourceUnit.java:359)
	at org.codehaus.groovy.antlr.AntlrParserPlugin.transformCSTIntoAST(AntlrParserPlugin.java:142)
	at org.codehaus.groovy.antlr.AntlrParserPlugin.parseCST(AntlrParserPlugin.java:108)
	at org.codehaus.groovy.control.SourceUnit.parse(SourceUnit.java:236)
	at org.codehaus.groovy.control.CompilationUnit$1.call(CompilationUnit.java:162)
	at org.codehaus.groovy.control.CompilationUnit.applyToSourceUnits(CompilationUnit.java:912)
	at org.codehaus.groovy.control.CompilationUnit.doPhaseOperation(CompilationUnit.java:574)
	at org.codehaus.groovy.control.CompilationUnit.processPhaseOperations(CompilationUnit.java:550)
	at org.codehaus.groovy.control.CompilationUnit.compile(CompilationUnit.java:527)
	at grails.plugin.cache.web.filter.PageFragmentCachingFilter.doFilter(PageFragmentCachingFilter.java:200)
	at grails.plugin.cache.web.filter.AbstractFilter.doFilter(AbstractFilter.java:63)
	at java.util.concurrent.ThreadPoolExecutor.runWorker(ThreadPoolExecutor.java:1145)
	at java.util.concurrent.ThreadPoolExecutor$Worker.run(ThreadPoolExecutor.java:615)
	at java.lang.Thread.run(Thread.java:724)
2014-05-05 14:53:28,004 [http-bio-8080-exec-19] ERROR errors.GrailsExceptionResolver  - MultipleCompilationErrorsException occurred when processing request: [GET] /application/pic/index
startup failed:
C__Users_Nabil_Documents_GitHub_application_grails_app_views_pic_index_gsp: 57: unexpected token: if @ line 57, column 87.
   rdo)("ok")', 62, it) { return if(pic1.pi
                                 ^

1 error
. Stacktrace follows:
org.codehaus.groovy.grails.web.pages.exceptions.GroovyPagesException: Could not parse script [C:\Users\Nabil\Documents\GitHub\application\grails-app\views\pic\index.gsp]: startup failed:
C__Users_Nabil_Documents_GitHub_application_grails_app_views_pic_index_gsp: 57: unexpected token: if @ line 57, column 87.
   rdo)("ok")', 62, it) { return if(pic1.pi
                                 ^

1 error

	at grails.plugin.cache.web.filter.PageFragmentCachingFilter.doFilter(PageFragmentCachingFilter.java:200)
	at grails.plugin.cache.web.filter.AbstractFilter.doFilter(AbstractFilter.java:63)
	at java.util.concurrent.ThreadPoolExecutor.runWorker(ThreadPoolExecutor.java:1145)
	at java.util.concurrent.ThreadPoolExecutor$Worker.run(ThreadPoolExecutor.java:615)
	at java.lang.Thread.run(Thread.java:724)
Caused by: org.codehaus.groovy.control.MultipleCompilationErrorsException: startup failed:
C__Users_Nabil_Documents_GitHub_application_grails_app_views_pic_index_gsp: 57: unexpected token: if @ line 57, column 87.
   rdo)("ok")', 62, it) { return if(pic1.pi
                                 ^

1 error

	at org.codehaus.groovy.control.ErrorCollector.failIfErrors(ErrorCollector.java:309)
	at org.codehaus.groovy.control.ErrorCollector.addFatalError(ErrorCollector.java:149)
	at org.codehaus.groovy.control.ErrorCollector.addError(ErrorCollector.java:119)
	at org.codehaus.groovy.control.ErrorCollector.addError(ErrorCollector.java:131)
	at org.codehaus.groovy.control.SourceUnit.addError(SourceUnit.java:359)
	at org.codehaus.groovy.antlr.AntlrParserPlugin.transformCSTIntoAST(AntlrParserPlugin.java:142)
	at org.codehaus.groovy.antlr.AntlrParserPlugin.parseCST(AntlrParserPlugin.java:108)
	at org.codehaus.groovy.control.SourceUnit.parse(SourceUnit.java:236)
	at org.codehaus.groovy.control.CompilationUnit$1.call(CompilationUnit.java:162)
	at org.codehaus.groovy.control.CompilationUnit.applyToSourceUnits(CompilationUnit.java:912)
	at org.codehaus.groovy.control.CompilationUnit.doPhaseOperation(CompilationUnit.java:574)
	at org.codehaus.groovy.control.CompilationUnit.processPhaseOperations(CompilationUnit.java:550)
	at org.codehaus.groovy.control.CompilationUnit.compile(CompilationUnit.java:527)
	... 5 more
2014-05-05 14:57:23,255 [http-bio-8080-exec-8] ERROR errors.GrailsExceptionResolver  - MissingMethodException occurred when processing request: [GET] /application/pic/index
No signature of method: org.hibernate.collection.PersistentSet.chargePlanifie() is applicable for argument types: () values: []. Stacktrace follows:
org.codehaus.groovy.grails.web.pages.exceptions.GroovyPagesException: Error evaluating expression [pic1.picFamille.chargePlanifie()] on line [65]: No signature of method: org.hibernate.collection.PersistentSet.chargePlanifie() is applicable for argument types: () values: []
	at C__Users_Nabil_Documents_GitHub_application_grails_app_views_pic_index_gsp.run(C__Users_Nabil_Documents_GitHub_application_grails_app_views_pic_index_gsp:63)
	at grails.plugin.cache.web.filter.PageFragmentCachingFilter.doFilter(PageFragmentCachingFilter.java:200)
	at grails.plugin.cache.web.filter.AbstractFilter.doFilter(AbstractFilter.java:63)
	at java.util.concurrent.ThreadPoolExecutor.runWorker(ThreadPoolExecutor.java:1145)
	at java.util.concurrent.ThreadPoolExecutor$Worker.run(ThreadPoolExecutor.java:615)
	at java.lang.Thread.run(Thread.java:724)
Caused by: groovy.lang.MissingMethodException: No signature of method: org.hibernate.collection.PersistentSet.chargePlanifie() is applicable for argument types: () values: []
	at C__Users_Nabil_Documents_GitHub_application_grails_app_views_pic_index_gsp$_run_closure18.doCall(C__Users_Nabil_Documents_GitHub_application_grails_app_views_pic_index_gsp:63)
	... 6 more
2014-05-05 14:57:31,003 [http-bio-8080-exec-19] ERROR errors.GrailsExceptionResolver  - MissingMethodException occurred when processing request: [GET] /application/pic/index
No signature of method: org.hibernate.collection.PersistentSet.getChargePlanifie() is applicable for argument types: () values: []. Stacktrace follows:
org.codehaus.groovy.grails.web.pages.exceptions.GroovyPagesException: Error evaluating expression [pic1.picFamille.getChargePlanifie()] on line [65]: No signature of method: org.hibernate.collection.PersistentSet.getChargePlanifie() is applicable for argument types: () values: []
	at C__Users_Nabil_Documents_GitHub_application_grails_app_views_pic_index_gsp.run(C__Users_Nabil_Documents_GitHub_application_grails_app_views_pic_index_gsp:63)
	at grails.plugin.cache.web.filter.PageFragmentCachingFilter.doFilter(PageFragmentCachingFilter.java:200)
	at grails.plugin.cache.web.filter.AbstractFilter.doFilter(AbstractFilter.java:63)
	at java.util.concurrent.ThreadPoolExecutor.runWorker(ThreadPoolExecutor.java:1145)
	at java.util.concurrent.ThreadPoolExecutor$Worker.run(ThreadPoolExecutor.java:615)
	at java.lang.Thread.run(Thread.java:724)
Caused by: groovy.lang.MissingMethodException: No signature of method: org.hibernate.collection.PersistentSet.getChargePlanifie() is applicable for argument types: () values: []
	at C__Users_Nabil_Documents_GitHub_application_grails_app_views_pic_index_gsp$_run_closure18.doCall(C__Users_Nabil_Documents_GitHub_application_grails_app_views_pic_index_gsp:63)
	... 6 more
2014-05-05 15:01:01,942 [http-bio-8080-exec-17] ERROR errors.GrailsExceptionResolver  - MissingPropertyException occurred when processing request: [GET] /application/picFamille
No such property: famille for class: application.pilotage.PicFamille. Stacktrace follows:
org.codehaus.groovy.grails.web.pages.exceptions.GroovyPagesException: Error evaluating expression [fieldValue(bean: picFamilleInstance, field: "famille")] on line [45]: No such property: famille for class: application.pilotage.PicFamille
	at C__Users_Nabil_Documents_GitHub_application_grails_app_views_picFamille_index_gsp$_run_closure2.doCall(C__Users_Nabil_Documents_GitHub_application_grails_app_views_picFamille_index_gsp:76)
	at C__Users_Nabil_Documents_GitHub_application_grails_app_views_picFamille_index_gsp.run(C__Users_Nabil_Documents_GitHub_application_grails_app_views_picFamille_index_gsp:87)
	at grails.plugin.cache.web.filter.PageFragmentCachingFilter.doFilter(PageFragmentCachingFilter.java:200)
	at grails.plugin.cache.web.filter.AbstractFilter.doFilter(AbstractFilter.java:63)
	at java.util.concurrent.ThreadPoolExecutor.runWorker(ThreadPoolExecutor.java:1145)
	at java.util.concurrent.ThreadPoolExecutor$Worker.run(ThreadPoolExecutor.java:615)
	at java.lang.Thread.run(Thread.java:724)
Caused by: groovy.lang.MissingPropertyException: No such property: famille for class: application.pilotage.PicFamille
	at C__Users_Nabil_Documents_GitHub_application_grails_app_views_picFamille_index_gsp$_run_closure2_closure36.doCall(C__Users_Nabil_Documents_GitHub_application_grails_app_views_picFamille_index_gsp:76)
	... 7 more
